2012-10-29 13:27:17,643 - [INFO] - from play in main 
Listening for HTTP on port 9000...

2012-10-29 13:27:26,473 - [INFO] - from play in play-akka.actor.default-dispatcher-1 
Application started (Dev)

2012-10-29 13:31:45,443 - [ERROR] - from application in New I/O  worker #1 


! Internal server error, for request [GET /importer] ->

sbt.PlayExceptions$CompilationException: Compilation error [not found: value Comet]
	at sbt.PlayReloader$$anon$2$$anonfun$reload$3$$anonfun$4$$anonfun$apply$12$$anonfun$apply$13.apply(PlayReloader.scala:229) ~[na:na]
	at sbt.PlayReloader$$anon$2$$anonfun$reload$3$$anonfun$4$$anonfun$apply$12$$anonfun$apply$13.apply(PlayReloader.scala:229) ~[na:na]
	at scala.Option.map(Option.scala:133) ~[scala-library.jar:0.11.3]
	at sbt.PlayReloader$$anon$2$$anonfun$reload$3$$anonfun$4$$anonfun$apply$12.apply(PlayReloader.scala:229) ~[na:na]
	at sbt.PlayReloader$$anon$2$$anonfun$reload$3$$anonfun$4$$anonfun$apply$12.apply(PlayReloader.scala:226) ~[na:na]
	at scala.Option.map(Option.scala:133) ~[scala-library.jar:0.11.3]
	at sbt.PlayReloader$$anon$2$$anonfun$reload$3$$anonfun$4.apply(PlayReloader.scala:226) ~[na:na]
	at sbt.PlayReloader$$anon$2$$anonfun$reload$3$$anonfun$4.apply(PlayReloader.scala:224) ~[na:na]
	at scala.Either$LeftProjection.map(Either.scala:183) ~[scala-library.jar:0.11.3]
	at sbt.PlayReloader$$anon$2$$anonfun$reload$3.apply(PlayReloader.scala:224) ~[na:na]
	at sbt.PlayReloader$$anon$2$$anonfun$reload$3.apply(PlayReloader.scala:219) ~[na:na]
	at scala.Option.getOrElse(Option.scala:108) ~[scala-library.jar:0.11.3]
	at sbt.PlayReloader$$anon$2.reload(PlayReloader.scala:219) ~[na:na]
	at play.core.ReloadableApplication$$anonfun$get$1.apply(ApplicationProvider.scala:110) ~[play_2.9.1.jar:2.0.3]
	at play.core.ReloadableApplication$$anonfun$get$1.apply(ApplicationProvider.scala:110) ~[play_2.9.1.jar:2.0.3]
	at akka.dispatch.Future$$anon$3.liftedTree1$1(Future.scala:195) ~[akka-actor.jar:2.0.2]
	at akka.dispatch.Future$$anon$3.run(Future.scala:194) ~[akka-actor.jar:2.0.2]
	at akka.dispatch.TaskInvocation.run(AbstractDispatcher.scala:94) ~[akka-actor.jar:2.0.2]
	at akka.jsr166y.ForkJoinTask$AdaptedRunnableAction.exec(ForkJoinTask.java:1381) ~[akka-actor.jar:2.0.2]
	at akka.jsr166y.ForkJoinTask.doExec(ForkJoinTask.java:259) ~[akka-actor.jar:2.0.2]
	at akka.jsr166y.ForkJoinPool$WorkQueue.runTask(ForkJoinPool.java:975) ~[akka-actor.jar:2.0.2]
	at akka.jsr166y.ForkJoinPool.runWorker(ForkJoinPool.java:1479) ~[akka-actor.jar:2.0.2]
	at akka.jsr166y.ForkJoinWorkerThread.run(ForkJoinWorkerThread.java:104) ~[akka-actor.jar:2.0.2]

2012-10-29 13:32:05,226 - [ERROR] - from application in New I/O  worker #1 


! Internal server error, for request [GET /importer] ->

sbt.PlayExceptions$CompilationException: Compilation error [ambiguous implicit values:
 both value stringMessages in object CometMessage of type => play.api.libs.Comet.CometMessage[String]
 and value jsonMessages in object CometMessage of type => play.api.libs.Comet.CometMessage[play.api.libs.json.JsValue]
 match expected type play.api.libs.Comet.CometMessage[E]
Error occurred in an application involving default arguments.]
	at sbt.PlayReloader$$anon$2$$anonfun$reload$3$$anonfun$4$$anonfun$apply$12$$anonfun$apply$13.apply(PlayReloader.scala:229) ~[na:na]
	at sbt.PlayReloader$$anon$2$$anonfun$reload$3$$anonfun$4$$anonfun$apply$12$$anonfun$apply$13.apply(PlayReloader.scala:229) ~[na:na]
	at scala.Option.map(Option.scala:133) ~[scala-library.jar:0.11.3]
	at sbt.PlayReloader$$anon$2$$anonfun$reload$3$$anonfun$4$$anonfun$apply$12.apply(PlayReloader.scala:229) ~[na:na]
	at sbt.PlayReloader$$anon$2$$anonfun$reload$3$$anonfun$4$$anonfun$apply$12.apply(PlayReloader.scala:226) ~[na:na]
	at scala.Option.map(Option.scala:133) ~[scala-library.jar:0.11.3]
	at sbt.PlayReloader$$anon$2$$anonfun$reload$3$$anonfun$4.apply(PlayReloader.scala:226) ~[na:na]
	at sbt.PlayReloader$$anon$2$$anonfun$reload$3$$anonfun$4.apply(PlayReloader.scala:224) ~[na:na]
	at scala.Either$LeftProjection.map(Either.scala:183) ~[scala-library.jar:0.11.3]
	at sbt.PlayReloader$$anon$2$$anonfun$reload$3.apply(PlayReloader.scala:224) ~[na:na]
	at sbt.PlayReloader$$anon$2$$anonfun$reload$3.apply(PlayReloader.scala:219) ~[na:na]
	at scala.Option.getOrElse(Option.scala:108) ~[scala-library.jar:0.11.3]
	at sbt.PlayReloader$$anon$2.reload(PlayReloader.scala:219) ~[na:na]
	at play.core.ReloadableApplication$$anonfun$get$1.apply(ApplicationProvider.scala:110) ~[play_2.9.1.jar:2.0.3]
	at play.core.ReloadableApplication$$anonfun$get$1.apply(ApplicationProvider.scala:110) ~[play_2.9.1.jar:2.0.3]
	at akka.dispatch.Future$$anon$3.liftedTree1$1(Future.scala:195) ~[akka-actor.jar:2.0.2]
	at akka.dispatch.Future$$anon$3.run(Future.scala:194) ~[akka-actor.jar:2.0.2]
	at akka.dispatch.TaskInvocation.run(AbstractDispatcher.scala:94) ~[akka-actor.jar:2.0.2]
	at akka.jsr166y.ForkJoinTask$AdaptedRunnableAction.exec(ForkJoinTask.java:1381) ~[akka-actor.jar:2.0.2]
	at akka.jsr166y.ForkJoinTask.doExec(ForkJoinTask.java:259) ~[akka-actor.jar:2.0.2]
	at akka.jsr166y.ForkJoinPool$WorkQueue.runTask(ForkJoinPool.java:975) ~[akka-actor.jar:2.0.2]
	at akka.jsr166y.ForkJoinPool.runWorker(ForkJoinPool.java:1479) ~[akka-actor.jar:2.0.2]
	at akka.jsr166y.ForkJoinWorkerThread.run(ForkJoinWorkerThread.java:104) ~[akka-actor.jar:2.0.2]

2012-10-29 13:46:15,093 - [ERROR] - from application in New I/O  worker #5 


! Internal server error, for request [GET /importer] ->

sbt.PlayExceptions$CompilationException: Compilation error [ambiguous implicit values:
 both value stringMessages in object CometMessage of type => play.api.libs.Comet.CometMessage[String]
 and value jsonMessages in object CometMessage of type => play.api.libs.Comet.CometMessage[play.api.libs.json.JsValue]
 match expected type play.api.libs.Comet.CometMessage[E]
Error occurred in an application involving default arguments.]
	at sbt.PlayReloader$$anon$2$$anonfun$reload$3$$anonfun$4$$anonfun$apply$12$$anonfun$apply$13.apply(PlayReloader.scala:229) ~[na:na]
	at sbt.PlayReloader$$anon$2$$anonfun$reload$3$$anonfun$4$$anonfun$apply$12$$anonfun$apply$13.apply(PlayReloader.scala:229) ~[na:na]
	at scala.Option.map(Option.scala:133) ~[scala-library.jar:0.11.3]
	at sbt.PlayReloader$$anon$2$$anonfun$reload$3$$anonfun$4$$anonfun$apply$12.apply(PlayReloader.scala:229) ~[na:na]
	at sbt.PlayReloader$$anon$2$$anonfun$reload$3$$anonfun$4$$anonfun$apply$12.apply(PlayReloader.scala:226) ~[na:na]
	at scala.Option.map(Option.scala:133) ~[scala-library.jar:0.11.3]
	at sbt.PlayReloader$$anon$2$$anonfun$reload$3$$anonfun$4.apply(PlayReloader.scala:226) ~[na:na]
	at sbt.PlayReloader$$anon$2$$anonfun$reload$3$$anonfun$4.apply(PlayReloader.scala:224) ~[na:na]
	at scala.Either$LeftProjection.map(Either.scala:183) ~[scala-library.jar:0.11.3]
	at sbt.PlayReloader$$anon$2$$anonfun$reload$3.apply(PlayReloader.scala:224) ~[na:na]
	at sbt.PlayReloader$$anon$2$$anonfun$reload$3.apply(PlayReloader.scala:219) ~[na:na]
	at scala.Option.getOrElse(Option.scala:108) ~[scala-library.jar:0.11.3]
	at sbt.PlayReloader$$anon$2.reload(PlayReloader.scala:219) ~[na:na]
	at play.core.ReloadableApplication$$anonfun$get$1.apply(ApplicationProvider.scala:110) ~[play_2.9.1.jar:2.0.3]
	at play.core.ReloadableApplication$$anonfun$get$1.apply(ApplicationProvider.scala:110) ~[play_2.9.1.jar:2.0.3]
	at akka.dispatch.Future$$anon$3.liftedTree1$1(Future.scala:195) ~[akka-actor.jar:2.0.2]
	at akka.dispatch.Future$$anon$3.run(Future.scala:194) ~[akka-actor.jar:2.0.2]
	at akka.dispatch.TaskInvocation.run(AbstractDispatcher.scala:94) ~[akka-actor.jar:2.0.2]
	at akka.jsr166y.ForkJoinTask$AdaptedRunnableAction.exec(ForkJoinTask.java:1381) ~[akka-actor.jar:2.0.2]
	at akka.jsr166y.ForkJoinTask.doExec(ForkJoinTask.java:259) ~[akka-actor.jar:2.0.2]
	at akka.jsr166y.ForkJoinPool$WorkQueue.runTask(ForkJoinPool.java:975) ~[akka-actor.jar:2.0.2]
	at akka.jsr166y.ForkJoinPool.runWorker(ForkJoinPool.java:1479) ~[akka-actor.jar:2.0.2]
	at akka.jsr166y.ForkJoinWorkerThread.run(ForkJoinWorkerThread.java:104) ~[akka-actor.jar:2.0.2]

2012-10-29 13:49:59,173 - [ERROR] - from application in New I/O  worker #5 


! Internal server error, for request [GET /importer] ->

sbt.PlayExceptions$CompilationException: Compilation error [not found: type CometMessage]
	at sbt.PlayReloader$$anon$2$$anonfun$reload$3$$anonfun$4$$anonfun$apply$12$$anonfun$apply$13.apply(PlayReloader.scala:229) ~[na:na]
	at sbt.PlayReloader$$anon$2$$anonfun$reload$3$$anonfun$4$$anonfun$apply$12$$anonfun$apply$13.apply(PlayReloader.scala:229) ~[na:na]
	at scala.Option.map(Option.scala:133) ~[scala-library.jar:0.11.3]
	at sbt.PlayReloader$$anon$2$$anonfun$reload$3$$anonfun$4$$anonfun$apply$12.apply(PlayReloader.scala:229) ~[na:na]
	at sbt.PlayReloader$$anon$2$$anonfun$reload$3$$anonfun$4$$anonfun$apply$12.apply(PlayReloader.scala:226) ~[na:na]
	at scala.Option.map(Option.scala:133) ~[scala-library.jar:0.11.3]
	at sbt.PlayReloader$$anon$2$$anonfun$reload$3$$anonfun$4.apply(PlayReloader.scala:226) ~[na:na]
	at sbt.PlayReloader$$anon$2$$anonfun$reload$3$$anonfun$4.apply(PlayReloader.scala:224) ~[na:na]
	at scala.Either$LeftProjection.map(Either.scala:183) ~[scala-library.jar:0.11.3]
	at sbt.PlayReloader$$anon$2$$anonfun$reload$3.apply(PlayReloader.scala:224) ~[na:na]
	at sbt.PlayReloader$$anon$2$$anonfun$reload$3.apply(PlayReloader.scala:219) ~[na:na]
	at scala.Option.getOrElse(Option.scala:108) ~[scala-library.jar:0.11.3]
	at sbt.PlayReloader$$anon$2.reload(PlayReloader.scala:219) ~[na:na]
	at play.core.ReloadableApplication$$anonfun$get$1.apply(ApplicationProvider.scala:110) ~[play_2.9.1.jar:2.0.3]
	at play.core.ReloadableApplication$$anonfun$get$1.apply(ApplicationProvider.scala:110) ~[play_2.9.1.jar:2.0.3]
	at akka.dispatch.Future$$anon$3.liftedTree1$1(Future.scala:195) ~[akka-actor.jar:2.0.2]
	at akka.dispatch.Future$$anon$3.run(Future.scala:194) ~[akka-actor.jar:2.0.2]
	at akka.dispatch.TaskInvocation.run(AbstractDispatcher.scala:94) ~[akka-actor.jar:2.0.2]
	at akka.jsr166y.ForkJoinTask$AdaptedRunnableAction.exec(ForkJoinTask.java:1381) ~[akka-actor.jar:2.0.2]
	at akka.jsr166y.ForkJoinTask.doExec(ForkJoinTask.java:259) ~[akka-actor.jar:2.0.2]
	at akka.jsr166y.ForkJoinPool$WorkQueue.runTask(ForkJoinPool.java:975) ~[akka-actor.jar:2.0.2]
	at akka.jsr166y.ForkJoinPool.runWorker(ForkJoinPool.java:1479) ~[akka-actor.jar:2.0.2]
	at akka.jsr166y.ForkJoinWorkerThread.run(ForkJoinWorkerThread.java:104) ~[akka-actor.jar:2.0.2]

2012-10-29 13:50:25,065 - [ERROR] - from application in New I/O  worker #5 


! Internal server error, for request [GET /importer] ->

sbt.PlayExceptions$CompilationException: Compilation error [could not find implicit value for parameter encoder: play.api.libs.Comet.CometMessage[play.api.libs.Comet.CometMessage[String]]
Error occurred in an application involving default arguments.]
	at sbt.PlayReloader$$anon$2$$anonfun$reload$3$$anonfun$4$$anonfun$apply$12$$anonfun$apply$13.apply(PlayReloader.scala:229) ~[na:na]
	at sbt.PlayReloader$$anon$2$$anonfun$reload$3$$anonfun$4$$anonfun$apply$12$$anonfun$apply$13.apply(PlayReloader.scala:229) ~[na:na]
	at scala.Option.map(Option.scala:133) ~[scala-library.jar:0.11.3]
	at sbt.PlayReloader$$anon$2$$anonfun$reload$3$$anonfun$4$$anonfun$apply$12.apply(PlayReloader.scala:229) ~[na:na]
	at sbt.PlayReloader$$anon$2$$anonfun$reload$3$$anonfun$4$$anonfun$apply$12.apply(PlayReloader.scala:226) ~[na:na]
	at scala.Option.map(Option.scala:133) ~[scala-library.jar:0.11.3]
	at sbt.PlayReloader$$anon$2$$anonfun$reload$3$$anonfun$4.apply(PlayReloader.scala:226) ~[na:na]
	at sbt.PlayReloader$$anon$2$$anonfun$reload$3$$anonfun$4.apply(PlayReloader.scala:224) ~[na:na]
	at scala.Either$LeftProjection.map(Either.scala:183) ~[scala-library.jar:0.11.3]
	at sbt.PlayReloader$$anon$2$$anonfun$reload$3.apply(PlayReloader.scala:224) ~[na:na]
	at sbt.PlayReloader$$anon$2$$anonfun$reload$3.apply(PlayReloader.scala:219) ~[na:na]
	at scala.Option.getOrElse(Option.scala:108) ~[scala-library.jar:0.11.3]
	at sbt.PlayReloader$$anon$2.reload(PlayReloader.scala:219) ~[na:na]
	at play.core.ReloadableApplication$$anonfun$get$1.apply(ApplicationProvider.scala:110) ~[play_2.9.1.jar:2.0.3]
	at play.core.ReloadableApplication$$anonfun$get$1.apply(ApplicationProvider.scala:110) ~[play_2.9.1.jar:2.0.3]
	at akka.dispatch.Future$$anon$3.liftedTree1$1(Future.scala:195) ~[akka-actor.jar:2.0.2]
	at akka.dispatch.Future$$anon$3.run(Future.scala:194) ~[akka-actor.jar:2.0.2]
	at akka.dispatch.TaskInvocation.run(AbstractDispatcher.scala:94) ~[akka-actor.jar:2.0.2]
	at akka.jsr166y.ForkJoinTask$AdaptedRunnableAction.exec(ForkJoinTask.java:1381) ~[akka-actor.jar:2.0.2]
	at akka.jsr166y.ForkJoinTask.doExec(ForkJoinTask.java:259) ~[akka-actor.jar:2.0.2]
	at akka.jsr166y.ForkJoinPool$WorkQueue.runTask(ForkJoinPool.java:975) ~[akka-actor.jar:2.0.2]
	at akka.jsr166y.ForkJoinPool.runWorker(ForkJoinPool.java:1479) ~[akka-actor.jar:2.0.2]
	at akka.jsr166y.ForkJoinWorkerThread.run(ForkJoinWorkerThread.java:104) ~[akka-actor.jar:2.0.2]

2012-10-29 13:50:37,144 - [ERROR] - from application in New I/O  worker #5 


! Internal server error, for request [GET /importer] ->

sbt.PlayExceptions$CompilationException: Compilation error [type mismatch;
 found   : java.lang.Object with play.api.libs.iteratee.Enumeratee[String,play.api.templates.Html]
 required: play.api.libs.iteratee.Enumeratee[Array[Byte],?]]
	at sbt.PlayReloader$$anon$2$$anonfun$reload$3$$anonfun$4$$anonfun$apply$12$$anonfun$apply$13.apply(PlayReloader.scala:229) ~[na:na]
	at sbt.PlayReloader$$anon$2$$anonfun$reload$3$$anonfun$4$$anonfun$apply$12$$anonfun$apply$13.apply(PlayReloader.scala:229) ~[na:na]
	at scala.Option.map(Option.scala:133) ~[scala-library.jar:0.11.3]
	at sbt.PlayReloader$$anon$2$$anonfun$reload$3$$anonfun$4$$anonfun$apply$12.apply(PlayReloader.scala:229) ~[na:na]
	at sbt.PlayReloader$$anon$2$$anonfun$reload$3$$anonfun$4$$anonfun$apply$12.apply(PlayReloader.scala:226) ~[na:na]
	at scala.Option.map(Option.scala:133) ~[scala-library.jar:0.11.3]
	at sbt.PlayReloader$$anon$2$$anonfun$reload$3$$anonfun$4.apply(PlayReloader.scala:226) ~[na:na]
	at sbt.PlayReloader$$anon$2$$anonfun$reload$3$$anonfun$4.apply(PlayReloader.scala:224) ~[na:na]
	at scala.Either$LeftProjection.map(Either.scala:183) ~[scala-library.jar:0.11.3]
	at sbt.PlayReloader$$anon$2$$anonfun$reload$3.apply(PlayReloader.scala:224) ~[na:na]
	at sbt.PlayReloader$$anon$2$$anonfun$reload$3.apply(PlayReloader.scala:219) ~[na:na]
	at scala.Option.getOrElse(Option.scala:108) ~[scala-library.jar:0.11.3]
	at sbt.PlayReloader$$anon$2.reload(PlayReloader.scala:219) ~[na:na]
	at play.core.ReloadableApplication$$anonfun$get$1.apply(ApplicationProvider.scala:110) ~[play_2.9.1.jar:2.0.3]
	at play.core.ReloadableApplication$$anonfun$get$1.apply(ApplicationProvider.scala:110) ~[play_2.9.1.jar:2.0.3]
	at akka.dispatch.Future$$anon$3.liftedTree1$1(Future.scala:195) ~[akka-actor.jar:2.0.2]
	at akka.dispatch.Future$$anon$3.run(Future.scala:194) ~[akka-actor.jar:2.0.2]
	at akka.dispatch.TaskInvocation.run(AbstractDispatcher.scala:94) ~[akka-actor.jar:2.0.2]
	at akka.jsr166y.ForkJoinTask$AdaptedRunnableAction.exec(ForkJoinTask.java:1381) ~[akka-actor.jar:2.0.2]
	at akka.jsr166y.ForkJoinTask.doExec(ForkJoinTask.java:259) ~[akka-actor.jar:2.0.2]
	at akka.jsr166y.ForkJoinPool$WorkQueue.runTask(ForkJoinPool.java:975) ~[akka-actor.jar:2.0.2]
	at akka.jsr166y.ForkJoinPool.runWorker(ForkJoinPool.java:1479) ~[akka-actor.jar:2.0.2]
	at akka.jsr166y.ForkJoinWorkerThread.run(ForkJoinWorkerThread.java:104) ~[akka-actor.jar:2.0.2]

2012-10-29 14:00:14,099 - [INFO] - from play in play-akka.actor.default-dispatcher-7 
Application started (Dev)

2012-10-29 14:01:15,539 - [ERROR] - from application in New I/O  worker #6 


! Internal server error, for request [GET /importer] ->

sbt.PlayExceptions$CompilationException: Compilation error [type mismatch;
 found   : play.api.libs.iteratee.Enumerator[Array[Byte]]
 required: play.api.libs.iteratee.Enumerator[String]]
	at sbt.PlayReloader$$anon$2$$anonfun$reload$3$$anonfun$4$$anonfun$apply$12$$anonfun$apply$13.apply(PlayReloader.scala:229) ~[na:na]
	at sbt.PlayReloader$$anon$2$$anonfun$reload$3$$anonfun$4$$anonfun$apply$12$$anonfun$apply$13.apply(PlayReloader.scala:229) ~[na:na]
	at scala.Option.map(Option.scala:133) ~[scala-library.jar:0.11.3]
	at sbt.PlayReloader$$anon$2$$anonfun$reload$3$$anonfun$4$$anonfun$apply$12.apply(PlayReloader.scala:229) ~[na:na]
	at sbt.PlayReloader$$anon$2$$anonfun$reload$3$$anonfun$4$$anonfun$apply$12.apply(PlayReloader.scala:226) ~[na:na]
	at scala.Option.map(Option.scala:133) ~[scala-library.jar:0.11.3]
	at sbt.PlayReloader$$anon$2$$anonfun$reload$3$$anonfun$4.apply(PlayReloader.scala:226) ~[na:na]
	at sbt.PlayReloader$$anon$2$$anonfun$reload$3$$anonfun$4.apply(PlayReloader.scala:224) ~[na:na]
	at scala.Either$LeftProjection.map(Either.scala:183) ~[scala-library.jar:0.11.3]
	at sbt.PlayReloader$$anon$2$$anonfun$reload$3.apply(PlayReloader.scala:224) ~[na:na]
	at sbt.PlayReloader$$anon$2$$anonfun$reload$3.apply(PlayReloader.scala:219) ~[na:na]
	at scala.Option.getOrElse(Option.scala:108) ~[scala-library.jar:0.11.3]
	at sbt.PlayReloader$$anon$2.reload(PlayReloader.scala:219) ~[na:na]
	at play.core.ReloadableApplication$$anonfun$get$1.apply(ApplicationProvider.scala:110) ~[play_2.9.1.jar:2.0.3]
	at play.core.ReloadableApplication$$anonfun$get$1.apply(ApplicationProvider.scala:110) ~[play_2.9.1.jar:2.0.3]
	at akka.dispatch.Future$$anon$3.liftedTree1$1(Future.scala:195) ~[akka-actor.jar:2.0.2]
	at akka.dispatch.Future$$anon$3.run(Future.scala:194) ~[akka-actor.jar:2.0.2]
	at akka.dispatch.TaskInvocation.run(AbstractDispatcher.scala:94) ~[akka-actor.jar:2.0.2]
	at akka.jsr166y.ForkJoinTask$AdaptedRunnableAction.exec(ForkJoinTask.java:1381) ~[akka-actor.jar:2.0.2]
	at akka.jsr166y.ForkJoinTask.doExec(ForkJoinTask.java:259) ~[akka-actor.jar:2.0.2]
	at akka.jsr166y.ForkJoinPool$WorkQueue.runTask(ForkJoinPool.java:975) ~[akka-actor.jar:2.0.2]
	at akka.jsr166y.ForkJoinPool.runWorker(ForkJoinPool.java:1479) ~[akka-actor.jar:2.0.2]
	at akka.jsr166y.ForkJoinWorkerThread.run(ForkJoinWorkerThread.java:104) ~[akka-actor.jar:2.0.2]

2012-10-29 14:01:31,392 - [INFO] - from play in play-akka.actor.default-dispatcher-8 
Application started (Dev)

2012-10-29 14:01:39,018 - [ERROR] - from application in New I/O  worker #6 


! Internal server error, for request [GET /importer] ->

sbt.PlayExceptions$CompilationException: Compilation error [type mismatch;
 found   : java.lang.Object with play.api.libs.iteratee.Enumeratee[String,play.api.templates.Html]
 required: play.api.libs.iteratee.Enumeratee[Array[Byte],?]]
	at sbt.PlayReloader$$anon$2$$anonfun$reload$3$$anonfun$4$$anonfun$apply$12$$anonfun$apply$13.apply(PlayReloader.scala:229) ~[na:na]
	at sbt.PlayReloader$$anon$2$$anonfun$reload$3$$anonfun$4$$anonfun$apply$12$$anonfun$apply$13.apply(PlayReloader.scala:229) ~[na:na]
	at scala.Option.map(Option.scala:133) ~[scala-library.jar:0.11.3]
	at sbt.PlayReloader$$anon$2$$anonfun$reload$3$$anonfun$4$$anonfun$apply$12.apply(PlayReloader.scala:229) ~[na:na]
	at sbt.PlayReloader$$anon$2$$anonfun$reload$3$$anonfun$4$$anonfun$apply$12.apply(PlayReloader.scala:226) ~[na:na]
	at scala.Option.map(Option.scala:133) ~[scala-library.jar:0.11.3]
	at sbt.PlayReloader$$anon$2$$anonfun$reload$3$$anonfun$4.apply(PlayReloader.scala:226) ~[na:na]
	at sbt.PlayReloader$$anon$2$$anonfun$reload$3$$anonfun$4.apply(PlayReloader.scala:224) ~[na:na]
	at scala.Either$LeftProjection.map(Either.scala:183) ~[scala-library.jar:0.11.3]
	at sbt.PlayReloader$$anon$2$$anonfun$reload$3.apply(PlayReloader.scala:224) ~[na:na]
	at sbt.PlayReloader$$anon$2$$anonfun$reload$3.apply(PlayReloader.scala:219) ~[na:na]
	at scala.Option.getOrElse(Option.scala:108) ~[scala-library.jar:0.11.3]
	at sbt.PlayReloader$$anon$2.reload(PlayReloader.scala:219) ~[na:na]
	at play.core.ReloadableApplication$$anonfun$get$1.apply(ApplicationProvider.scala:110) ~[play_2.9.1.jar:2.0.3]
	at play.core.ReloadableApplication$$anonfun$get$1.apply(ApplicationProvider.scala:110) ~[play_2.9.1.jar:2.0.3]
	at akka.dispatch.Future$$anon$3.liftedTree1$1(Future.scala:195) ~[akka-actor.jar:2.0.2]
	at akka.dispatch.Future$$anon$3.run(Future.scala:194) ~[akka-actor.jar:2.0.2]
	at akka.dispatch.TaskInvocation.run(AbstractDispatcher.scala:94) ~[akka-actor.jar:2.0.2]
	at akka.jsr166y.ForkJoinTask$AdaptedRunnableAction.exec(ForkJoinTask.java:1381) ~[akka-actor.jar:2.0.2]
	at akka.jsr166y.ForkJoinTask.doExec(ForkJoinTask.java:259) ~[akka-actor.jar:2.0.2]
	at akka.jsr166y.ForkJoinPool$WorkQueue.runTask(ForkJoinPool.java:975) ~[akka-actor.jar:2.0.2]
	at akka.jsr166y.ForkJoinPool.runWorker(ForkJoinPool.java:1479) ~[akka-actor.jar:2.0.2]
	at akka.jsr166y.ForkJoinWorkerThread.run(ForkJoinWorkerThread.java:104) ~[akka-actor.jar:2.0.2]

2012-10-29 14:03:39,056 - [ERROR] - from application in New I/O  worker #6 


! Internal server error, for request [GET /importer] ->

sbt.PlayExceptions$CompilationException: Compilation error [type mismatch;
 found   : java.lang.Object with play.api.libs.iteratee.Enumeratee[String,play.api.templates.Html]
 required: play.api.libs.iteratee.Enumeratee[Array[Byte],?]]
	at sbt.PlayReloader$$anon$2$$anonfun$reload$3$$anonfun$4$$anonfun$apply$12$$anonfun$apply$13.apply(PlayReloader.scala:229) ~[na:na]
	at sbt.PlayReloader$$anon$2$$anonfun$reload$3$$anonfun$4$$anonfun$apply$12$$anonfun$apply$13.apply(PlayReloader.scala:229) ~[na:na]
	at scala.Option.map(Option.scala:133) ~[scala-library.jar:0.11.3]
	at sbt.PlayReloader$$anon$2$$anonfun$reload$3$$anonfun$4$$anonfun$apply$12.apply(PlayReloader.scala:229) ~[na:na]
	at sbt.PlayReloader$$anon$2$$anonfun$reload$3$$anonfun$4$$anonfun$apply$12.apply(PlayReloader.scala:226) ~[na:na]
	at scala.Option.map(Option.scala:133) ~[scala-library.jar:0.11.3]
	at sbt.PlayReloader$$anon$2$$anonfun$reload$3$$anonfun$4.apply(PlayReloader.scala:226) ~[na:na]
	at sbt.PlayReloader$$anon$2$$anonfun$reload$3$$anonfun$4.apply(PlayReloader.scala:224) ~[na:na]
	at scala.Either$LeftProjection.map(Either.scala:183) ~[scala-library.jar:0.11.3]
	at sbt.PlayReloader$$anon$2$$anonfun$reload$3.apply(PlayReloader.scala:224) ~[na:na]
	at sbt.PlayReloader$$anon$2$$anonfun$reload$3.apply(PlayReloader.scala:219) ~[na:na]
	at scala.Option.getOrElse(Option.scala:108) ~[scala-library.jar:0.11.3]
	at sbt.PlayReloader$$anon$2.reload(PlayReloader.scala:219) ~[na:na]
	at play.core.ReloadableApplication$$anonfun$get$1.apply(ApplicationProvider.scala:110) ~[play_2.9.1.jar:2.0.3]
	at play.core.ReloadableApplication$$anonfun$get$1.apply(ApplicationProvider.scala:110) ~[play_2.9.1.jar:2.0.3]
	at akka.dispatch.Future$$anon$3.liftedTree1$1(Future.scala:195) ~[akka-actor.jar:2.0.2]
	at akka.dispatch.Future$$anon$3.run(Future.scala:194) ~[akka-actor.jar:2.0.2]
	at akka.dispatch.TaskInvocation.run(AbstractDispatcher.scala:94) ~[akka-actor.jar:2.0.2]
	at akka.jsr166y.ForkJoinTask$AdaptedRunnableAction.exec(ForkJoinTask.java:1381) ~[akka-actor.jar:2.0.2]
	at akka.jsr166y.ForkJoinTask.doExec(ForkJoinTask.java:259) ~[akka-actor.jar:2.0.2]
	at akka.jsr166y.ForkJoinPool$WorkQueue.runTask(ForkJoinPool.java:975) ~[akka-actor.jar:2.0.2]
	at akka.jsr166y.ForkJoinPool.runWorker(ForkJoinPool.java:1479) ~[akka-actor.jar:2.0.2]
	at akka.jsr166y.ForkJoinWorkerThread.run(ForkJoinWorkerThread.java:104) ~[akka-actor.jar:2.0.2]

2012-10-29 14:04:18,284 - [ERROR] - from application in New I/O  worker #6 


! Internal server error, for request [GET /importer] ->

sbt.PlayExceptions$CompilationException: Compilation error [ambiguous implicit values:
 both value stringMessages in object CometMessage of type => play.api.libs.Comet.CometMessage[String]
 and value jsonMessages in object CometMessage of type => play.api.libs.Comet.CometMessage[play.api.libs.json.JsValue]
 match expected type play.api.libs.Comet.CometMessage[E]
Error occurred in an application involving default arguments.]
	at sbt.PlayReloader$$anon$2$$anonfun$reload$3$$anonfun$4$$anonfun$apply$12$$anonfun$apply$13.apply(PlayReloader.scala:229) ~[na:na]
	at sbt.PlayReloader$$anon$2$$anonfun$reload$3$$anonfun$4$$anonfun$apply$12$$anonfun$apply$13.apply(PlayReloader.scala:229) ~[na:na]
	at scala.Option.map(Option.scala:133) ~[scala-library.jar:0.11.3]
	at sbt.PlayReloader$$anon$2$$anonfun$reload$3$$anonfun$4$$anonfun$apply$12.apply(PlayReloader.scala:229) ~[na:na]
	at sbt.PlayReloader$$anon$2$$anonfun$reload$3$$anonfun$4$$anonfun$apply$12.apply(PlayReloader.scala:226) ~[na:na]
	at scala.Option.map(Option.scala:133) ~[scala-library.jar:0.11.3]
	at sbt.PlayReloader$$anon$2$$anonfun$reload$3$$anonfun$4.apply(PlayReloader.scala:226) ~[na:na]
	at sbt.PlayReloader$$anon$2$$anonfun$reload$3$$anonfun$4.apply(PlayReloader.scala:224) ~[na:na]
	at scala.Either$LeftProjection.map(Either.scala:183) ~[scala-library.jar:0.11.3]
	at sbt.PlayReloader$$anon$2$$anonfun$reload$3.apply(PlayReloader.scala:224) ~[na:na]
	at sbt.PlayReloader$$anon$2$$anonfun$reload$3.apply(PlayReloader.scala:219) ~[na:na]
	at scala.Option.getOrElse(Option.scala:108) ~[scala-library.jar:0.11.3]
	at sbt.PlayReloader$$anon$2.reload(PlayReloader.scala:219) ~[na:na]
	at play.core.ReloadableApplication$$anonfun$get$1.apply(ApplicationProvider.scala:110) ~[play_2.9.1.jar:2.0.3]
	at play.core.ReloadableApplication$$anonfun$get$1.apply(ApplicationProvider.scala:110) ~[play_2.9.1.jar:2.0.3]
	at akka.dispatch.Future$$anon$3.liftedTree1$1(Future.scala:195) ~[akka-actor.jar:2.0.2]
	at akka.dispatch.Future$$anon$3.run(Future.scala:194) ~[akka-actor.jar:2.0.2]
	at akka.dispatch.TaskInvocation.run(AbstractDispatcher.scala:94) ~[akka-actor.jar:2.0.2]
	at akka.jsr166y.ForkJoinTask$AdaptedRunnableAction.exec(ForkJoinTask.java:1381) ~[akka-actor.jar:2.0.2]
	at akka.jsr166y.ForkJoinTask.doExec(ForkJoinTask.java:259) ~[akka-actor.jar:2.0.2]
	at akka.jsr166y.ForkJoinPool$WorkQueue.runTask(ForkJoinPool.java:975) ~[akka-actor.jar:2.0.2]
	at akka.jsr166y.ForkJoinPool.runWorker(ForkJoinPool.java:1479) ~[akka-actor.jar:2.0.2]
	at akka.jsr166y.ForkJoinWorkerThread.run(ForkJoinWorkerThread.java:104) ~[akka-actor.jar:2.0.2]

2012-10-29 14:06:41,773 - [ERROR] - from application in New I/O  worker #6 


! Internal server error, for request [GET /importer] ->

sbt.PlayExceptions$CompilationException: Compilation error [unclosed character literal]
	at sbt.PlayReloader$$anon$2$$anonfun$reload$3$$anonfun$4$$anonfun$apply$12$$anonfun$apply$13.apply(PlayReloader.scala:229) ~[na:na]
	at sbt.PlayReloader$$anon$2$$anonfun$reload$3$$anonfun$4$$anonfun$apply$12$$anonfun$apply$13.apply(PlayReloader.scala:229) ~[na:na]
	at scala.Option.map(Option.scala:133) ~[scala-library.jar:0.11.3]
	at sbt.PlayReloader$$anon$2$$anonfun$reload$3$$anonfun$4$$anonfun$apply$12.apply(PlayReloader.scala:229) ~[na:na]
	at sbt.PlayReloader$$anon$2$$anonfun$reload$3$$anonfun$4$$anonfun$apply$12.apply(PlayReloader.scala:226) ~[na:na]
	at scala.Option.map(Option.scala:133) ~[scala-library.jar:0.11.3]
	at sbt.PlayReloader$$anon$2$$anonfun$reload$3$$anonfun$4.apply(PlayReloader.scala:226) ~[na:na]
	at sbt.PlayReloader$$anon$2$$anonfun$reload$3$$anonfun$4.apply(PlayReloader.scala:224) ~[na:na]
	at scala.Either$LeftProjection.map(Either.scala:183) ~[scala-library.jar:0.11.3]
	at sbt.PlayReloader$$anon$2$$anonfun$reload$3.apply(PlayReloader.scala:224) ~[na:na]
	at sbt.PlayReloader$$anon$2$$anonfun$reload$3.apply(PlayReloader.scala:219) ~[na:na]
	at scala.Option.getOrElse(Option.scala:108) ~[scala-library.jar:0.11.3]
	at sbt.PlayReloader$$anon$2.reload(PlayReloader.scala:219) ~[na:na]
	at play.core.ReloadableApplication$$anonfun$get$1.apply(ApplicationProvider.scala:110) ~[play_2.9.1.jar:2.0.3]
	at play.core.ReloadableApplication$$anonfun$get$1.apply(ApplicationProvider.scala:110) ~[play_2.9.1.jar:2.0.3]
	at akka.dispatch.Future$$anon$3.liftedTree1$1(Future.scala:195) ~[akka-actor.jar:2.0.2]
	at akka.dispatch.Future$$anon$3.run(Future.scala:194) ~[akka-actor.jar:2.0.2]
	at akka.dispatch.TaskInvocation.run(AbstractDispatcher.scala:94) ~[akka-actor.jar:2.0.2]
	at akka.jsr166y.ForkJoinTask$AdaptedRunnableAction.exec(ForkJoinTask.java:1381) ~[akka-actor.jar:2.0.2]
	at akka.jsr166y.ForkJoinTask.doExec(ForkJoinTask.java:259) ~[akka-actor.jar:2.0.2]
	at akka.jsr166y.ForkJoinPool$WorkQueue.runTask(ForkJoinPool.java:975) ~[akka-actor.jar:2.0.2]
	at akka.jsr166y.ForkJoinPool.runWorker(ForkJoinPool.java:1479) ~[akka-actor.jar:2.0.2]
	at akka.jsr166y.ForkJoinWorkerThread.run(ForkJoinWorkerThread.java:104) ~[akka-actor.jar:2.0.2]

2012-10-29 14:06:52,184 - [ERROR] - from application in New I/O  worker #6 


! Internal server error, for request [GET /importer] ->

sbt.PlayExceptions$CompilationException: Compilation error [not found: value Html]
	at sbt.PlayReloader$$anon$2$$anonfun$reload$3$$anonfun$4$$anonfun$apply$12$$anonfun$apply$13.apply(PlayReloader.scala:229) ~[na:na]
	at sbt.PlayReloader$$anon$2$$anonfun$reload$3$$anonfun$4$$anonfun$apply$12$$anonfun$apply$13.apply(PlayReloader.scala:229) ~[na:na]
	at scala.Option.map(Option.scala:133) ~[scala-library.jar:0.11.3]
	at sbt.PlayReloader$$anon$2$$anonfun$reload$3$$anonfun$4$$anonfun$apply$12.apply(PlayReloader.scala:229) ~[na:na]
	at sbt.PlayReloader$$anon$2$$anonfun$reload$3$$anonfun$4$$anonfun$apply$12.apply(PlayReloader.scala:226) ~[na:na]
	at scala.Option.map(Option.scala:133) ~[scala-library.jar:0.11.3]
	at sbt.PlayReloader$$anon$2$$anonfun$reload$3$$anonfun$4.apply(PlayReloader.scala:226) ~[na:na]
	at sbt.PlayReloader$$anon$2$$anonfun$reload$3$$anonfun$4.apply(PlayReloader.scala:224) ~[na:na]
	at scala.Either$LeftProjection.map(Either.scala:183) ~[scala-library.jar:0.11.3]
	at sbt.PlayReloader$$anon$2$$anonfun$reload$3.apply(PlayReloader.scala:224) ~[na:na]
	at sbt.PlayReloader$$anon$2$$anonfun$reload$3.apply(PlayReloader.scala:219) ~[na:na]
	at scala.Option.getOrElse(Option.scala:108) ~[scala-library.jar:0.11.3]
	at sbt.PlayReloader$$anon$2.reload(PlayReloader.scala:219) ~[na:na]
	at play.core.ReloadableApplication$$anonfun$get$1.apply(ApplicationProvider.scala:110) ~[play_2.9.1.jar:2.0.3]
	at play.core.ReloadableApplication$$anonfun$get$1.apply(ApplicationProvider.scala:110) ~[play_2.9.1.jar:2.0.3]
	at akka.dispatch.Future$$anon$3.liftedTree1$1(Future.scala:195) ~[akka-actor.jar:2.0.2]
	at akka.dispatch.Future$$anon$3.run(Future.scala:194) ~[akka-actor.jar:2.0.2]
	at akka.dispatch.TaskInvocation.run(AbstractDispatcher.scala:94) ~[akka-actor.jar:2.0.2]
	at akka.jsr166y.ForkJoinTask$AdaptedRunnableAction.exec(ForkJoinTask.java:1381) ~[akka-actor.jar:2.0.2]
	at akka.jsr166y.ForkJoinTask.doExec(ForkJoinTask.java:259) ~[akka-actor.jar:2.0.2]
	at akka.jsr166y.ForkJoinPool$WorkQueue.runTask(ForkJoinPool.java:975) ~[akka-actor.jar:2.0.2]
	at akka.jsr166y.ForkJoinPool.runWorker(ForkJoinPool.java:1479) ~[akka-actor.jar:2.0.2]
	at akka.jsr166y.ForkJoinWorkerThread.run(ForkJoinWorkerThread.java:104) ~[akka-actor.jar:2.0.2]

2012-10-29 14:07:13,330 - [ERROR] - from application in New I/O  worker #6 


! Internal server error, for request [GET /importer] ->

sbt.PlayExceptions$CompilationException: Compilation error [type mismatch;
 found   : play.api.libs.iteratee.Enumeratee[String,play.api.templates.Html]
 required: play.api.libs.iteratee.Enumeratee[Array[Byte],?]]
	at sbt.PlayReloader$$anon$2$$anonfun$reload$3$$anonfun$4$$anonfun$apply$12$$anonfun$apply$13.apply(PlayReloader.scala:229) ~[na:na]
	at sbt.PlayReloader$$anon$2$$anonfun$reload$3$$anonfun$4$$anonfun$apply$12$$anonfun$apply$13.apply(PlayReloader.scala:229) ~[na:na]
	at scala.Option.map(Option.scala:133) ~[scala-library.jar:0.11.3]
	at sbt.PlayReloader$$anon$2$$anonfun$reload$3$$anonfun$4$$anonfun$apply$12.apply(PlayReloader.scala:229) ~[na:na]
	at sbt.PlayReloader$$anon$2$$anonfun$reload$3$$anonfun$4$$anonfun$apply$12.apply(PlayReloader.scala:226) ~[na:na]
	at scala.Option.map(Option.scala:133) ~[scala-library.jar:0.11.3]
	at sbt.PlayReloader$$anon$2$$anonfun$reload$3$$anonfun$4.apply(PlayReloader.scala:226) ~[na:na]
	at sbt.PlayReloader$$anon$2$$anonfun$reload$3$$anonfun$4.apply(PlayReloader.scala:224) ~[na:na]
	at scala.Either$LeftProjection.map(Either.scala:183) ~[scala-library.jar:0.11.3]
	at sbt.PlayReloader$$anon$2$$anonfun$reload$3.apply(PlayReloader.scala:224) ~[na:na]
	at sbt.PlayReloader$$anon$2$$anonfun$reload$3.apply(PlayReloader.scala:219) ~[na:na]
	at scala.Option.getOrElse(Option.scala:108) ~[scala-library.jar:0.11.3]
	at sbt.PlayReloader$$anon$2.reload(PlayReloader.scala:219) ~[na:na]
	at play.core.ReloadableApplication$$anonfun$get$1.apply(ApplicationProvider.scala:110) ~[play_2.9.1.jar:2.0.3]
	at play.core.ReloadableApplication$$anonfun$get$1.apply(ApplicationProvider.scala:110) ~[play_2.9.1.jar:2.0.3]
	at akka.dispatch.Future$$anon$3.liftedTree1$1(Future.scala:195) ~[akka-actor.jar:2.0.2]
	at akka.dispatch.Future$$anon$3.run(Future.scala:194) ~[akka-actor.jar:2.0.2]
	at akka.dispatch.TaskInvocation.run(AbstractDispatcher.scala:94) ~[akka-actor.jar:2.0.2]
	at akka.jsr166y.ForkJoinTask$AdaptedRunnableAction.exec(ForkJoinTask.java:1381) ~[akka-actor.jar:2.0.2]
	at akka.jsr166y.ForkJoinTask.doExec(ForkJoinTask.java:259) ~[akka-actor.jar:2.0.2]
	at akka.jsr166y.ForkJoinPool$WorkQueue.runTask(ForkJoinPool.java:975) ~[akka-actor.jar:2.0.2]
	at akka.jsr166y.ForkJoinPool.runWorker(ForkJoinPool.java:1479) ~[akka-actor.jar:2.0.2]
	at akka.jsr166y.ForkJoinWorkerThread.run(ForkJoinWorkerThread.java:104) ~[akka-actor.jar:2.0.2]

2012-10-29 15:16:30,017 - [INFO] - from play in play-akka.actor.default-dispatcher-8 
Application started (Dev)

2012-10-29 15:18:55,215 - [ERROR] - from application in New I/O  worker #2 


! Internal server error, for request [GET /importer] ->

sbt.PlayExceptions$CompilationException: Compilation error [not found: value toChar]
	at sbt.PlayReloader$$anon$2$$anonfun$reload$3$$anonfun$4$$anonfun$apply$12$$anonfun$apply$13.apply(PlayReloader.scala:229) ~[na:na]
	at sbt.PlayReloader$$anon$2$$anonfun$reload$3$$anonfun$4$$anonfun$apply$12$$anonfun$apply$13.apply(PlayReloader.scala:229) ~[na:na]
	at scala.Option.map(Option.scala:133) ~[scala-library.jar:0.11.3]
	at sbt.PlayReloader$$anon$2$$anonfun$reload$3$$anonfun$4$$anonfun$apply$12.apply(PlayReloader.scala:229) ~[na:na]
	at sbt.PlayReloader$$anon$2$$anonfun$reload$3$$anonfun$4$$anonfun$apply$12.apply(PlayReloader.scala:226) ~[na:na]
	at scala.Option.map(Option.scala:133) ~[scala-library.jar:0.11.3]
	at sbt.PlayReloader$$anon$2$$anonfun$reload$3$$anonfun$4.apply(PlayReloader.scala:226) ~[na:na]
	at sbt.PlayReloader$$anon$2$$anonfun$reload$3$$anonfun$4.apply(PlayReloader.scala:224) ~[na:na]
	at scala.Either$LeftProjection.map(Either.scala:183) ~[scala-library.jar:0.11.3]
	at sbt.PlayReloader$$anon$2$$anonfun$reload$3.apply(PlayReloader.scala:224) ~[na:na]
	at sbt.PlayReloader$$anon$2$$anonfun$reload$3.apply(PlayReloader.scala:219) ~[na:na]
	at scala.Option.getOrElse(Option.scala:108) ~[scala-library.jar:0.11.3]
	at sbt.PlayReloader$$anon$2.reload(PlayReloader.scala:219) ~[na:na]
	at play.core.ReloadableApplication$$anonfun$get$1.apply(ApplicationProvider.scala:110) ~[play_2.9.1.jar:2.0.3]
	at play.core.ReloadableApplication$$anonfun$get$1.apply(ApplicationProvider.scala:110) ~[play_2.9.1.jar:2.0.3]
	at akka.dispatch.Future$$anon$3.liftedTree1$1(Future.scala:195) ~[akka-actor.jar:2.0.2]
	at akka.dispatch.Future$$anon$3.run(Future.scala:194) ~[akka-actor.jar:2.0.2]
	at akka.dispatch.TaskInvocation.run(AbstractDispatcher.scala:94) ~[akka-actor.jar:2.0.2]
	at akka.jsr166y.ForkJoinTask$AdaptedRunnableAction.exec(ForkJoinTask.java:1381) ~[akka-actor.jar:2.0.2]
	at akka.jsr166y.ForkJoinTask.doExec(ForkJoinTask.java:259) ~[akka-actor.jar:2.0.2]
	at akka.jsr166y.ForkJoinPool$WorkQueue.runTask(ForkJoinPool.java:975) ~[akka-actor.jar:2.0.2]
	at akka.jsr166y.ForkJoinPool.runWorker(ForkJoinPool.java:1479) ~[akka-actor.jar:2.0.2]
	at akka.jsr166y.ForkJoinWorkerThread.run(ForkJoinWorkerThread.java:104) ~[akka-actor.jar:2.0.2]

2012-10-29 15:19:03,711 - [INFO] - from play in play-akka.actor.default-dispatcher-13 
Application started (Dev)

2012-10-29 15:20:33,949 - [INFO] - from play in play-akka.actor.default-dispatcher-13 
Application started (Dev)

2012-10-29 15:20:56,654 - [INFO] - from play in play-akka.actor.default-dispatcher-17 
Application started (Dev)

2012-10-29 15:21:46,376 - [INFO] - from play in play-akka.actor.default-dispatcher-18 
Application started (Dev)

2012-10-29 15:22:58,703 - [INFO] - from play in play-akka.actor.default-dispatcher-19 
Application started (Dev)

2012-10-29 15:27:52,756 - [INFO] - from play in play-akka.actor.default-dispatcher-20 
Application started (Dev)

2012-10-29 15:28:23,146 - [INFO] - from play in play-akka.actor.default-dispatcher-21 
Application started (Dev)

2012-10-29 15:30:42,746 - [INFO] - from play in play-akka.actor.default-dispatcher-24 
Application started (Dev)

2012-10-29 15:34:44,761 - [INFO] - from play in play-akka.actor.default-dispatcher-25 
Application started (Dev)

2012-10-29 15:36:55,765 - [INFO] - from play in play-akka.actor.default-dispatcher-26 
Application started (Dev)

2012-10-29 15:52:04,048 - [ERROR] - from application in New I/O  worker #5 


! Internal server error, for request [GET /importer] ->

sbt.PlayExceptions$CompilationException: Compilation error [not found: value Promise]
	at sbt.PlayReloader$$anon$2$$anonfun$reload$3$$anonfun$4$$anonfun$apply$12$$anonfun$apply$13.apply(PlayReloader.scala:229) ~[na:na]
	at sbt.PlayReloader$$anon$2$$anonfun$reload$3$$anonfun$4$$anonfun$apply$12$$anonfun$apply$13.apply(PlayReloader.scala:229) ~[na:na]
	at scala.Option.map(Option.scala:133) ~[scala-library.jar:0.11.3]
	at sbt.PlayReloader$$anon$2$$anonfun$reload$3$$anonfun$4$$anonfun$apply$12.apply(PlayReloader.scala:229) ~[na:na]
	at sbt.PlayReloader$$anon$2$$anonfun$reload$3$$anonfun$4$$anonfun$apply$12.apply(PlayReloader.scala:226) ~[na:na]
	at scala.Option.map(Option.scala:133) ~[scala-library.jar:0.11.3]
	at sbt.PlayReloader$$anon$2$$anonfun$reload$3$$anonfun$4.apply(PlayReloader.scala:226) ~[na:na]
	at sbt.PlayReloader$$anon$2$$anonfun$reload$3$$anonfun$4.apply(PlayReloader.scala:224) ~[na:na]
	at scala.Either$LeftProjection.map(Either.scala:183) ~[scala-library.jar:0.11.3]
	at sbt.PlayReloader$$anon$2$$anonfun$reload$3.apply(PlayReloader.scala:224) ~[na:na]
	at sbt.PlayReloader$$anon$2$$anonfun$reload$3.apply(PlayReloader.scala:219) ~[na:na]
	at scala.Option.getOrElse(Option.scala:108) ~[scala-library.jar:0.11.3]
	at sbt.PlayReloader$$anon$2.reload(PlayReloader.scala:219) ~[na:na]
	at play.core.ReloadableApplication$$anonfun$get$1.apply(ApplicationProvider.scala:110) ~[play_2.9.1.jar:2.0.3]
	at play.core.ReloadableApplication$$anonfun$get$1.apply(ApplicationProvider.scala:110) ~[play_2.9.1.jar:2.0.3]
	at akka.dispatch.Future$$anon$3.liftedTree1$1(Future.scala:195) ~[akka-actor.jar:2.0.2]
	at akka.dispatch.Future$$anon$3.run(Future.scala:194) ~[akka-actor.jar:2.0.2]
	at akka.dispatch.TaskInvocation.run(AbstractDispatcher.scala:94) ~[akka-actor.jar:2.0.2]
	at akka.jsr166y.ForkJoinTask$AdaptedRunnableAction.exec(ForkJoinTask.java:1381) ~[akka-actor.jar:2.0.2]
	at akka.jsr166y.ForkJoinTask.doExec(ForkJoinTask.java:259) ~[akka-actor.jar:2.0.2]
	at akka.jsr166y.ForkJoinPool$WorkQueue.runTask(ForkJoinPool.java:975) ~[akka-actor.jar:2.0.2]
	at akka.jsr166y.ForkJoinPool.runWorker(ForkJoinPool.java:1479) ~[akka-actor.jar:2.0.2]
	at akka.jsr166y.ForkJoinWorkerThread.run(ForkJoinWorkerThread.java:104) ~[akka-actor.jar:2.0.2]

2012-10-29 15:53:07,338 - [ERROR] - from application in New I/O  worker #5 


! Internal server error, for request [GET /importer] ->

sbt.PlayExceptions$CompilationException: Compilation error [value milliseconds is not a member of Int]
	at sbt.PlayReloader$$anon$2$$anonfun$reload$3$$anonfun$4$$anonfun$apply$12$$anonfun$apply$13.apply(PlayReloader.scala:229) ~[na:na]
	at sbt.PlayReloader$$anon$2$$anonfun$reload$3$$anonfun$4$$anonfun$apply$12$$anonfun$apply$13.apply(PlayReloader.scala:229) ~[na:na]
	at scala.Option.map(Option.scala:133) ~[scala-library.jar:0.11.3]
	at sbt.PlayReloader$$anon$2$$anonfun$reload$3$$anonfun$4$$anonfun$apply$12.apply(PlayReloader.scala:229) ~[na:na]
	at sbt.PlayReloader$$anon$2$$anonfun$reload$3$$anonfun$4$$anonfun$apply$12.apply(PlayReloader.scala:226) ~[na:na]
	at scala.Option.map(Option.scala:133) ~[scala-library.jar:0.11.3]
	at sbt.PlayReloader$$anon$2$$anonfun$reload$3$$anonfun$4.apply(PlayReloader.scala:226) ~[na:na]
	at sbt.PlayReloader$$anon$2$$anonfun$reload$3$$anonfun$4.apply(PlayReloader.scala:224) ~[na:na]
	at scala.Either$LeftProjection.map(Either.scala:183) ~[scala-library.jar:0.11.3]
	at sbt.PlayReloader$$anon$2$$anonfun$reload$3.apply(PlayReloader.scala:224) ~[na:na]
	at sbt.PlayReloader$$anon$2$$anonfun$reload$3.apply(PlayReloader.scala:219) ~[na:na]
	at scala.Option.getOrElse(Option.scala:108) ~[scala-library.jar:0.11.3]
	at sbt.PlayReloader$$anon$2.reload(PlayReloader.scala:219) ~[na:na]
	at play.core.ReloadableApplication$$anonfun$get$1.apply(ApplicationProvider.scala:110) ~[play_2.9.1.jar:2.0.3]
	at play.core.ReloadableApplication$$anonfun$get$1.apply(ApplicationProvider.scala:110) ~[play_2.9.1.jar:2.0.3]
	at akka.dispatch.Future$$anon$3.liftedTree1$1(Future.scala:195) ~[akka-actor.jar:2.0.2]
	at akka.dispatch.Future$$anon$3.run(Future.scala:194) ~[akka-actor.jar:2.0.2]
	at akka.dispatch.TaskInvocation.run(AbstractDispatcher.scala:94) ~[akka-actor.jar:2.0.2]
	at akka.jsr166y.ForkJoinTask$AdaptedRunnableAction.exec(ForkJoinTask.java:1381) ~[akka-actor.jar:2.0.2]
	at akka.jsr166y.ForkJoinTask.doExec(ForkJoinTask.java:259) ~[akka-actor.jar:2.0.2]
	at akka.jsr166y.ForkJoinPool$WorkQueue.runTask(ForkJoinPool.java:975) ~[akka-actor.jar:2.0.2]
	at akka.jsr166y.ForkJoinPool.runWorker(ForkJoinPool.java:1479) ~[akka-actor.jar:2.0.2]
	at akka.jsr166y.ForkJoinWorkerThread.run(ForkJoinWorkerThread.java:104) ~[akka-actor.jar:2.0.2]

2012-10-29 15:53:39,716 - [ERROR] - from application in New I/O  worker #5 


! Internal server error, for request [GET /importer] ->

sbt.PlayExceptions$CompilationException: Compilation error [not found: object akku]
	at sbt.PlayReloader$$anon$2$$anonfun$reload$3$$anonfun$4$$anonfun$apply$12$$anonfun$apply$13.apply(PlayReloader.scala:229) ~[na:na]
	at sbt.PlayReloader$$anon$2$$anonfun$reload$3$$anonfun$4$$anonfun$apply$12$$anonfun$apply$13.apply(PlayReloader.scala:229) ~[na:na]
	at scala.Option.map(Option.scala:133) ~[scala-library.jar:0.11.3]
	at sbt.PlayReloader$$anon$2$$anonfun$reload$3$$anonfun$4$$anonfun$apply$12.apply(PlayReloader.scala:229) ~[na:na]
	at sbt.PlayReloader$$anon$2$$anonfun$reload$3$$anonfun$4$$anonfun$apply$12.apply(PlayReloader.scala:226) ~[na:na]
	at scala.Option.map(Option.scala:133) ~[scala-library.jar:0.11.3]
	at sbt.PlayReloader$$anon$2$$anonfun$reload$3$$anonfun$4.apply(PlayReloader.scala:226) ~[na:na]
	at sbt.PlayReloader$$anon$2$$anonfun$reload$3$$anonfun$4.apply(PlayReloader.scala:224) ~[na:na]
	at scala.Either$LeftProjection.map(Either.scala:183) ~[scala-library.jar:0.11.3]
	at sbt.PlayReloader$$anon$2$$anonfun$reload$3.apply(PlayReloader.scala:224) ~[na:na]
	at sbt.PlayReloader$$anon$2$$anonfun$reload$3.apply(PlayReloader.scala:219) ~[na:na]
	at scala.Option.getOrElse(Option.scala:108) ~[scala-library.jar:0.11.3]
	at sbt.PlayReloader$$anon$2.reload(PlayReloader.scala:219) ~[na:na]
	at play.core.ReloadableApplication$$anonfun$get$1.apply(ApplicationProvider.scala:110) ~[play_2.9.1.jar:2.0.3]
	at play.core.ReloadableApplication$$anonfun$get$1.apply(ApplicationProvider.scala:110) ~[play_2.9.1.jar:2.0.3]
	at akka.dispatch.Future$$anon$3.liftedTree1$1(Future.scala:195) ~[akka-actor.jar:2.0.2]
	at akka.dispatch.Future$$anon$3.run(Future.scala:194) ~[akka-actor.jar:2.0.2]
	at akka.dispatch.TaskInvocation.run(AbstractDispatcher.scala:94) ~[akka-actor.jar:2.0.2]
	at akka.jsr166y.ForkJoinTask$AdaptedRunnableAction.exec(ForkJoinTask.java:1381) ~[akka-actor.jar:2.0.2]
	at akka.jsr166y.ForkJoinTask.doExec(ForkJoinTask.java:259) ~[akka-actor.jar:2.0.2]
	at akka.jsr166y.ForkJoinPool$WorkQueue.runTask(ForkJoinPool.java:975) ~[akka-actor.jar:2.0.2]
	at akka.jsr166y.ForkJoinPool.runWorker(ForkJoinPool.java:1479) ~[akka-actor.jar:2.0.2]
	at akka.jsr166y.ForkJoinWorkerThread.run(ForkJoinWorkerThread.java:104) ~[akka-actor.jar:2.0.2]

2012-10-29 15:53:49,867 - [ERROR] - from application in New I/O  worker #5 


! Internal server error, for request [GET /importer] ->

sbt.PlayExceptions$CompilationException: Compilation error [Cannot write an instance of play.api.libs.concurrent.Promise[Some[play.api.templates.Html]] to HTTP response. Try to define a Writeable[play.api.libs.concurrent.Promise[Some[play.api.templates.Html]]]]
	at sbt.PlayReloader$$anon$2$$anonfun$reload$3$$anonfun$4$$anonfun$apply$12$$anonfun$apply$13.apply(PlayReloader.scala:229) ~[na:na]
	at sbt.PlayReloader$$anon$2$$anonfun$reload$3$$anonfun$4$$anonfun$apply$12$$anonfun$apply$13.apply(PlayReloader.scala:229) ~[na:na]
	at scala.Option.map(Option.scala:133) ~[scala-library.jar:0.11.3]
	at sbt.PlayReloader$$anon$2$$anonfun$reload$3$$anonfun$4$$anonfun$apply$12.apply(PlayReloader.scala:229) ~[na:na]
	at sbt.PlayReloader$$anon$2$$anonfun$reload$3$$anonfun$4$$anonfun$apply$12.apply(PlayReloader.scala:226) ~[na:na]
	at scala.Option.map(Option.scala:133) ~[scala-library.jar:0.11.3]
	at sbt.PlayReloader$$anon$2$$anonfun$reload$3$$anonfun$4.apply(PlayReloader.scala:226) ~[na:na]
	at sbt.PlayReloader$$anon$2$$anonfun$reload$3$$anonfun$4.apply(PlayReloader.scala:224) ~[na:na]
	at scala.Either$LeftProjection.map(Either.scala:183) ~[scala-library.jar:0.11.3]
	at sbt.PlayReloader$$anon$2$$anonfun$reload$3.apply(PlayReloader.scala:224) ~[na:na]
	at sbt.PlayReloader$$anon$2$$anonfun$reload$3.apply(PlayReloader.scala:219) ~[na:na]
	at scala.Option.getOrElse(Option.scala:108) ~[scala-library.jar:0.11.3]
	at sbt.PlayReloader$$anon$2.reload(PlayReloader.scala:219) ~[na:na]
	at play.core.ReloadableApplication$$anonfun$get$1.apply(ApplicationProvider.scala:110) ~[play_2.9.1.jar:2.0.3]
	at play.core.ReloadableApplication$$anonfun$get$1.apply(ApplicationProvider.scala:110) ~[play_2.9.1.jar:2.0.3]
	at akka.dispatch.Future$$anon$3.liftedTree1$1(Future.scala:195) ~[akka-actor.jar:2.0.2]
	at akka.dispatch.Future$$anon$3.run(Future.scala:194) ~[akka-actor.jar:2.0.2]
	at akka.dispatch.TaskInvocation.run(AbstractDispatcher.scala:94) ~[akka-actor.jar:2.0.2]
	at akka.jsr166y.ForkJoinTask$AdaptedRunnableAction.exec(ForkJoinTask.java:1381) ~[akka-actor.jar:2.0.2]
	at akka.jsr166y.ForkJoinTask.doExec(ForkJoinTask.java:259) ~[akka-actor.jar:2.0.2]
	at akka.jsr166y.ForkJoinPool$WorkQueue.runTask(ForkJoinPool.java:975) ~[akka-actor.jar:2.0.2]
	at akka.jsr166y.ForkJoinPool.runWorker(ForkJoinPool.java:1479) ~[akka-actor.jar:2.0.2]
	at akka.jsr166y.ForkJoinWorkerThread.run(ForkJoinWorkerThread.java:104) ~[akka-actor.jar:2.0.2]

